Info: *******************************************************************
Info: Running Quartus Prime Worker Version 20.1.1 Build 720 11/11/2020 SJ Lite Edition
Info: Your use of Intel Corporation's design tools, logic functions 
Info: and other software and tools, and any partner logic 
Info: functions, and any output files from any of the foregoing 
Info: (including device programming or simulation files), and any 
Info: associated documentation or information are expressly subject 
Info: to the terms and conditions of the Intel Program License 
Info: Subscription Agreement, the Intel Quartus Prime License Agreement,
Info: the Intel FPGA IP License Agreement, or other applicable license
Info: agreement, including, without limitation, that your use is for
Info: the sole purpose of programming logic devices manufactured by
Info: Intel and sold by Intel or its authorized distributors.  Please
Info: refer to the applicable agreement for further details, at
Info: https://fpgasoftware.intel.com/eula.
Info: *******************************************************************
Info: Registering self with server http://localhost:59940/api/v1.0/broker/server/
Info: Successfully registered with server.
Info: Starting compilation quartus_sh --ipc_json --flow compile ZXNext.qsf
Info: Sent timestamps successfully
Info: Preparing to compile ZXNext ...
Info: Downloading ZXNext.qar.sha256 ...
Info: Finished download.
Info: Verified dse/ZXnext/ZXnext_15\ZXNext.qar.sha256 exists.
Info: Downloading ZXNext.qar ...
Info: Finished download.
Info: Verified dse/ZXnext/ZXnext_15\ZXNext.qar exists.
Info: Download successful. Checksum matched expected value.
Info: Running quartus_sh --restore -output dse/ZXnext/ZXnext_15 dse/ZXnext/ZXnext_15\ZXNext.qar
Info: Downloading ZXnext_15.qsf ...
Info: Finished download.
Info: Verified C:\FPGA\DE10-Nano\ZXNext_MiSTer-Devel\ZXNext_Mister-dev-rampa\dse/ZXnext/ZXnext_15\ZXNext.qsf exists.
Info: Downloading ZXnext_15.qpf ...
Info: Finished download.
Info: Verified dse/ZXnext/ZXnext_15\ZXNext.qpf exists.
Info: Sent timestamps successfully
Info: Sent timestamps successfully
Info: Compilation finished. 0 msgs
Info: Processing keep results option: all
Info: Sent timestamps successfully
