Assembler report for ZXNext
Mon Jan 18 12:34:09 2021
Quartus Prime Version 20.1.1 Build 720 11/11/2020 SJ Lite Edition


---------------------
; Table of Contents ;
---------------------
  1. Legal Notice
  2. Assembler Summary
  3. Assembler Settings
  4. Assembler Generated Files
  5. Assembler Device Options: C:/github/ZXnext_MiSTer/output_files/ZXNext.sof
  6. Assembler Device Options: C:/github/ZXnext_MiSTer/output_files/ZXNext.rbf
  7. Assembler Messages



----------------
; Legal Notice ;
----------------
Copyright (C) 2020  Intel Corporation. All rights reserved.
Your use of Intel Corporation's design tools, logic functions 
and other software and tools, and any partner logic 
functions, and any output files from any of the foregoing 
(including device programming or simulation files), and any 
associated documentation or information are expressly subject 
to the terms and conditions of the Intel Program License 
Subscription Agreement, the Intel Quartus Prime License Agreement,
the Intel FPGA IP License Agreement, or other applicable license
agreement, including, without limitation, that your use is for
the sole purpose of programming logic devices manufactured by
Intel and sold by Intel or its authorized distributors.  Please
refer to the applicable agreement for further details, at
https://fpgasoftware.intel.com/eula.



+---------------------------------------------------------------+
; Assembler Summary                                             ;
+-----------------------+---------------------------------------+
; Assembler Status      ; Successful - Mon Jan 18 12:34:09 2021 ;
; Revision Name         ; ZXNext                                ;
; Top-level Entity Name ; sys_top                               ;
; Family                ; Cyclone V                             ;
; Device                ; 5CSEBA6U23I7                          ;
+-----------------------+---------------------------------------+


+----------------------------------+
; Assembler Settings               ;
+--------+---------+---------------+
; Option ; Setting ; Default Value ;
+--------+---------+---------------+


+-------------------------------------------------+
; Assembler Generated Files                       ;
+-------------------------------------------------+
; File Name                                       ;
+-------------------------------------------------+
; C:/github/ZXnext_MiSTer/output_files/ZXNext.sof ;
; C:/github/ZXnext_MiSTer/output_files/ZXNext.rbf ;
+-------------------------------------------------+


+---------------------------------------------------------------------------+
; Assembler Device Options: C:/github/ZXnext_MiSTer/output_files/ZXNext.sof ;
+----------------+----------------------------------------------------------+
; Option         ; Setting                                                  ;
+----------------+----------------------------------------------------------+
; JTAG usercode  ; 0x06594522                                               ;
; Checksum       ; 0x06594522                                               ;
+----------------+----------------------------------------------------------+


+---------------------------------------------------------------------------+
; Assembler Device Options: C:/github/ZXnext_MiSTer/output_files/ZXNext.rbf ;
+---------------------+-----------------------------------------------------+
; Option              ; Setting                                             ;
+---------------------+-----------------------------------------------------+
; Raw Binary File     ;                                                     ;
;  Compression Ratio  ; 2                                                   ;
+---------------------+-----------------------------------------------------+


+--------------------+
; Assembler Messages ;
+--------------------+
Info: *******************************************************************
Info: Running Quartus Prime Assembler
    Info: Version 20.1.1 Build 720 11/11/2020 SJ Lite Edition
    Info: Processing started: Mon Jan 18 12:33:22 2021
Info: Command: quartus_asm --read_settings_files=off --write_settings_files=off ZXNext -c ZXNext
Info (115030): Assembler is generating device programming files
Info: Quartus Prime Assembler was successful. 0 errors, 0 warnings
    Info: Peak virtual memory: 5178 megabytes
    Info: Processing ended: Mon Jan 18 12:34:09 2021
    Info: Elapsed time: 00:00:47
    Info: Total CPU time (on all processors): 00:00:40


